0 info it worked if it ends with ok
1 verbose cli [ 'node', '/usr/bin/npm', 'init' ]
2 info using npm@1.3.6
3 info using node@v0.10.48
4 silly package data undefined
5 info init written successfully
6 error Error: Invalid version: "0.1"
6 error     at Object.module.exports.fixVersionField (/usr/lib/node_modules/normalize-package-data/lib/fixer.js:175:13)
6 error     at /usr/lib/node_modules/normalize-package-data/lib/normalize.js:29:38
6 error     at Array.forEach (native)
6 error     at normalize (/usr/lib/node_modules/normalize-package-data/lib/normalize.js:28:15)
6 error     at final (/usr/lib/node_modules/read-package-json/read-json.js:310:33)
6 error     at then (/usr/lib/node_modules/read-package-json/read-json.js:124:33)
6 error     at /usr/lib/node_modules/read-package-json/read-json.js:299:40
6 error     at fs.js:272:14
6 error     at /usr/lib/node_modules/graceful-fs/graceful-fs.js:103:5
6 error     at Object.oncomplete (fs.js:108:15)
7 error If you need help, you may report this log at:
7 error     <http://github.com/isaacs/npm/issues>
7 error or email it to:
7 error     <npm-@googlegroups.com>
8 error System Linux 4.9.51-10.52.amzn1.x86_64
9 error command "node" "/usr/bin/npm" "init"
10 error cwd /home/ec2-user/testgithubapp
11 error node -v v0.10.48
12 error npm -v 1.3.6
13 verbose exit [ 1, true ]
